[2022-03-14 16:38:38] [ ERROR] [Main:74] Error de Sintaxis en sentencia SQL "CREATE TABLE IF NOT EXISTS Pacientes (id INT PRIMARY KEY, nombre CHAR(20),apellido VARCHAR(20),domicilio VARCHAR(50),dni INT[*](20),fecha de alta VARCHAR(20),usuario VARCHAR(50),contrasenia VARCHAR(30))"; se esperaba "ARRAY, INVISIBLE, VISIBLE, NOT, NULL, AS, DEFAULT, GENERATED, ON, NOT, NULL, AUTO_INCREMENT, DEFAULT, NULL_TO_DEFAULT, SEQUENCE, SELECTIVITY, COMMENT, CONSTRAINT, COMMENT, PRIMARY, UNIQUE, NOT, NULL, CHECK, REFERENCES, AUTO_INCREMENT, ,, )"
Syntax error in SQL statement "CREATE TABLE IF NOT EXISTS Pacientes (id INT PRIMARY KEY, nombre CHAR(20),apellido VARCHAR(20),domicilio VARCHAR(50),dni INT[*](20),fecha de alta VARCHAR(20),usuario VARCHAR(50),contrasenia VARCHAR(30))"; expected "ARRAY, INVISIBLE, VISIBLE, NOT, NULL, AS, DEFAULT, GENERATED, ON, NOT, NULL, AUTO_INCREMENT, DEFAULT, NULL_TO_DEFAULT, SEQUENCE, SELECTIVITY, COMMENT, CONSTRAINT, COMMENT, PRIMARY, UNIQUE, NOT, NULL, CHECK, REFERENCES, AUTO_INCREMENT, ,, )"; SQL statement:
CREATE TABLE IF NOT EXISTS Pacientes (id INT PRIMARY KEY, nombre CHAR(20),apellido VARCHAR(20),domicilio VARCHAR(50),dni INT(20),fecha de alta VARCHAR(20),usuario VARCHAR(50),contrasenia VARCHAR(30)) [42001-210]
[2022-03-14 16:56:58] [ ERROR] [Main:73] Error de Sintaxis en sentencia SQL "CREATE TABLE IF NOT EXISTS Pacientes (id INT PRIMARY KEY, nombre CHAR(20),apellido VARCHAR(20),domicilio VARCHAR(50),dni INT[*](20),fecha de alta VARCHAR(20),usuario VARCHAR(50),contrasenia VARCHAR(30))"; se esperaba "ARRAY, INVISIBLE, VISIBLE, NOT, NULL, AS, DEFAULT, GENERATED, ON, NOT, NULL, AUTO_INCREMENT, DEFAULT, NULL_TO_DEFAULT, SEQUENCE, SELECTIVITY, COMMENT, CONSTRAINT, COMMENT, PRIMARY, UNIQUE, NOT, NULL, CHECK, REFERENCES, AUTO_INCREMENT, ,, )"
Syntax error in SQL statement "CREATE TABLE IF NOT EXISTS Pacientes (id INT PRIMARY KEY, nombre CHAR(20),apellido VARCHAR(20),domicilio VARCHAR(50),dni INT[*](20),fecha de alta VARCHAR(20),usuario VARCHAR(50),contrasenia VARCHAR(30))"; expected "ARRAY, INVISIBLE, VISIBLE, NOT, NULL, AS, DEFAULT, GENERATED, ON, NOT, NULL, AUTO_INCREMENT, DEFAULT, NULL_TO_DEFAULT, SEQUENCE, SELECTIVITY, COMMENT, CONSTRAINT, COMMENT, PRIMARY, UNIQUE, NOT, NULL, CHECK, REFERENCES, AUTO_INCREMENT, ,, )"; SQL statement:
CREATE TABLE IF NOT EXISTS Pacientes (id INT PRIMARY KEY, nombre CHAR(20),apellido VARCHAR(20),domicilio VARCHAR(50),dni INT(20),fecha de alta VARCHAR(20),usuario VARCHAR(50),contrasenia VARCHAR(30)) [42001-210]
[2022-03-14 17:04:44] [ ERROR] [Main:73] Tipo de dato desconocido : "DE"
Unknown data type: "DE"; SQL statement:
CREATE TABLE IF NOT EXISTS Pacientes (id INT PRIMARY KEY, nombre CHAR(20),apellido VARCHAR(20),domicilio VARCHAR(50),dni INT,fecha de alta VARCHAR(20),usuario VARCHAR(50),contrasenia VARCHAR(30)) [50004-210]
[2022-03-14 17:05:35] [ ERROR] [Main:73] Error de Sintaxis en sentencia SQL "INSERT INTO Pacientes([*]1, NOMBRE, APELLIDO, DOMICILIO, DNI, FECHADEALTA, USUARIO, CONTRASENIA) VALUES(?,?,?,?,?,?,?,?);"; se esperaba "identifier"
Syntax error in SQL statement "INSERT INTO Pacientes([*]1, NOMBRE, APELLIDO, DOMICILIO, DNI, FECHADEALTA, USUARIO, CONTRASENIA) VALUES(?,?,?,?,?,?,?,?);"; expected "identifier"; SQL statement:
INSERT INTO Pacientes(1, NOMBRE, APELLIDO, DOMICILIO, DNI, FECHADEALTA, USUARIO, CONTRASENIA) VALUES(?,?,?,?,?,?,?,?); [42001-210]
[2022-03-14 17:08:17] [ ERROR] [Main:73] Error de Sintaxis en sentencia SQL "INSERT INTO Pacientes([*]1, NOMBRE, APELLIDO, DOMICILIO, DNI, FECHADEALTA, USUARIO, CONTRASENIA) VALUES(?,?,?,?,?,?,?,?);"; se esperaba "identifier"
Syntax error in SQL statement "INSERT INTO Pacientes([*]1, NOMBRE, APELLIDO, DOMICILIO, DNI, FECHADEALTA, USUARIO, CONTRASENIA) VALUES(?,?,?,?,?,?,?,?);"; expected "identifier"; SQL statement:
INSERT INTO Pacientes(1, NOMBRE, APELLIDO, DOMICILIO, DNI, FECHADEALTA, USUARIO, CONTRASENIA) VALUES(?,?,?,?,?,?,?,?); [42001-210]
[2022-03-14 17:14:06] [ ERROR] [Main:73] Error de Sintaxis en sentencia SQL "INSERT INTO Pacientes([*]1, NOMBRE, APELLIDO, DOMICILIO, DNI, FECHADEALTA, USUARIO, CONTRASENIA) VALUES(?,?,?,?,?,?,?,?)"; se esperaba "identifier"
Syntax error in SQL statement "INSERT INTO Pacientes([*]1, NOMBRE, APELLIDO, DOMICILIO, DNI, FECHADEALTA, USUARIO, CONTRASENIA) VALUES(?,?,?,?,?,?,?,?)"; expected "identifier"; SQL statement:
INSERT INTO Pacientes(1, NOMBRE, APELLIDO, DOMICILIO, DNI, FECHADEALTA, USUARIO, CONTRASENIA) VALUES(?,?,?,?,?,?,?,?) [42001-210]
[2022-03-14 17:21:58] [ ERROR] [Main:73] Error de Sintaxis en sentencia SQL "INSERT INTO Pacientes([*]1, NOMBRE, APELLIDO, DOMICILIO, DNI, FECHADEALTA, USUARIO, CONTRASENIA) VALUES(?,?,?,?,?,?,?,?)"; se esperaba "identifier"
Syntax error in SQL statement "INSERT INTO Pacientes([*]1, NOMBRE, APELLIDO, DOMICILIO, DNI, FECHADEALTA, USUARIO, CONTRASENIA) VALUES(?,?,?,?,?,?,?,?)"; expected "identifier"; SQL statement:
INSERT INTO Pacientes(1, NOMBRE, APELLIDO, DOMICILIO, DNI, FECHADEALTA, USUARIO, CONTRASENIA) VALUES(?,?,?,?,?,?,?,?) [42001-210]
[2022-03-14 17:27:59] [ ERROR] [Main:73] Violación de indice de Unicidad ó Clave primaria: "PRIMARY KEY ON PUBLIC.PACIENTES(ID) ( /* key:1 */ 1, CAST('Jean                ' AS CHAR(20)), 'Rojas', 'Mc casa 19', 1234, '20/09/2021', 'Jeanrojas', '34567')"
Unique index or primary key violation: "PRIMARY KEY ON PUBLIC.PACIENTES(ID) ( /* key:1 */ 1, CAST('Jean                ' AS CHAR(20)), 'Rojas', 'Mc casa 19', 1234, '20/09/2021', 'Jeanrojas', '34567')"; SQL statement:
INSERT INTO Pacientes(ID, NOMBRE, APELLIDO, DOMICILIO, DNI, FECHADEALTA, USUARIO, CONTRASENIA) VALUES(?,?,?,?,?,?,?,?) [23505-210]
[2022-03-14 17:30:27] [ ERROR] [Main:73] Violación de indice de Unicidad ó Clave primaria: "PRIMARY KEY ON PUBLIC.PACIENTES(ID) ( /* key:1 */ 1, CAST('Jean                ' AS CHAR(20)), 'Rojas', 'Mc casa 19', 1234, '20/09/2021', 'Jeanrojas', '34567')"
Unique index or primary key violation: "PRIMARY KEY ON PUBLIC.PACIENTES(ID) ( /* key:1 */ 1, CAST('Jean                ' AS CHAR(20)), 'Rojas', 'Mc casa 19', 1234, '20/09/2021', 'Jeanrojas', '34567')"; SQL statement:
INSERT INTO Pacientes(ID, NOMBRE, APELLIDO, DOMICILIO, DNI, FECHADEALTA, USUARIO, CONTRASENIA) VALUES(?,?,?,?,?,?,?,?) [23505-210]
[2022-03-14 17:31:01] [ ERROR] [Main:73] Violación de indice de Unicidad ó Clave primaria: "PRIMARY KEY ON PUBLIC.PACIENTES(ID) ( /* key:1 */ 1, CAST('Jean                ' AS CHAR(20)), 'Rojas', 'Mc casa 19', 1234, '20/09/2021', 'Jeanrojas', '34567')"
Unique index or primary key violation: "PRIMARY KEY ON PUBLIC.PACIENTES(ID) ( /* key:1 */ 1, CAST('Jean                ' AS CHAR(20)), 'Rojas', 'Mc casa 19', 1234, '20/09/2021', 'Jeanrojas', '34567')"; SQL statement:
INSERT INTO Pacientes(ID, NOMBRE, APELLIDO, DOMICILIO, DNI, FECHADEALTA, USUARIO, CONTRASENIA) VALUES(?,?,?,?,?,?,?,?) [23505-210]
[2022-03-14 17:33:46] [ ERROR] [Main:73] Violación de indice de Unicidad ó Clave primaria: "PRIMARY KEY ON PUBLIC.PACIENTES(ID) ( /* key:3 */ 3, CAST('Jean                ' AS CHAR(20)), 'Rojas', 'Mc casa 19', 1234, '20/09/2021', 'Jeanrojas', '34567')"
Unique index or primary key violation: "PRIMARY KEY ON PUBLIC.PACIENTES(ID) ( /* key:3 */ 3, CAST('Jean                ' AS CHAR(20)), 'Rojas', 'Mc casa 19', 1234, '20/09/2021', 'Jeanrojas', '34567')"; SQL statement:
INSERT INTO Pacientes(ID, NOMBRE, APELLIDO, DOMICILIO, DNI, FECHADEALTA, USUARIO, CONTRASENIA) VALUES(?,?,?,?,?,?,?,?) [23505-210]
[2022-03-14 17:36:32] [ ERROR] [Main:73] Violación de indice de Unicidad ó Clave primaria: "PRIMARY KEY ON PUBLIC.PACIENTES(ID) ( /* key:4 */ 4, CAST('Jean                ' AS CHAR(20)), 'Rojas', 'Mc casa 19', 1234, '20/09/2021', 'Jeanrojas', '34567')"
Unique index or primary key violation: "PRIMARY KEY ON PUBLIC.PACIENTES(ID) ( /* key:4 */ 4, CAST('Jean                ' AS CHAR(20)), 'Rojas', 'Mc casa 19', 1234, '20/09/2021', 'Jeanrojas', '34567')"; SQL statement:
INSERT INTO Pacientes(ID, NOMBRE, APELLIDO, DOMICILIO, DNI, FECHADEALTA, USUARIO, CONTRASENIA) VALUES(?,?,?,?,?,?,?,?) [23505-210]
[2022-03-14 17:47:27] [ ERROR] [Main:73] Violación de indice de Unicidad ó Clave primaria: "PRIMARY KEY ON PUBLIC.PACIENTES(ID) ( /* key:5 */ 5, CAST('Jean                ' AS CHAR(20)), 'Rojas', 'Mc casa 19', 1234, '20/09/2021', 'Jeanrojas', '34567')"
Unique index or primary key violation: "PRIMARY KEY ON PUBLIC.PACIENTES(ID) ( /* key:5 */ 5, CAST('Jean                ' AS CHAR(20)), 'Rojas', 'Mc casa 19', 1234, '20/09/2021', 'Jeanrojas', '34567')"; SQL statement:
INSERT INTO Pacientes(ID, NOMBRE, APELLIDO, DOMICILIO, DNI, FECHADEALTA, USUARIO, CONTRASENIA) VALUES(?,?,?,?,?,?,?,?) [23505-210]
